info it worked if it ends with ok
verbose cli [ 'node', '/usr/local/bin/npm', '-g', 'i', 'forever' ]
info using npm@1.1.19
info using node@v0.8.8
verbose config file /root/.npmrc
verbose config file /usr/local/etc/npmrc
verbose config file /usr/local/lib/node_modules/npm/npmrc
verbose cache add [ 'forever', null ]
silly cache add: name, spec, args [ undefined, 'forever', [ 'forever', null ] ]
verbose parsed url { pathname: 'forever', path: 'forever', href: 'forever' }
verbose addNamed [ 'forever', '' ]
verbose addNamed [ null, '' ]
silly name, range, hasData [ 'forever', '', false ]
verbose raw, before any munging forever
verbose url resolving [ 'https://registry.npmjs.org/', './forever' ]
verbose url resolved https://registry.npmjs.org/forever
verbose etag "6T02T8ZTVKRYT29TF86BOZ2U7"
http GET https://registry.npmjs.org/forever
http 304 https://registry.npmjs.org/forever
silly get cb [ 304,
silly get cb   { server: 'CouchDB/1.2.0 (Erlang OTP/R15B)',
silly get cb     etag: '"6T02T8ZTVKRYT29TF86BOZ2U7"',
silly get cb     date: 'Wed, 05 Sep 2012 19:07:19 GMT',
silly get cb     'content-length': '0' } ]
verbose etag forever from cache
silly name, range, hasData 2 [ 'forever', '', true ]
silly versions [ 'forever',
silly versions   [ '0.6.0',
silly versions     '0.6.1',
silly versions     '0.6.2',
silly versions     '0.6.3',
silly versions     '0.6.4',
silly versions     '0.6.5',
silly versions     '0.6.6',
silly versions     '0.6.7',
silly versions     '0.6.8',
silly versions     '0.6.9',
silly versions     '0.7.0',
silly versions     '0.7.1',
silly versions     '0.7.2',
silly versions     '0.7.3',
silly versions     '0.7.4',
silly versions     '0.7.5',
silly versions     '0.8.0',
silly versions     '0.8.1',
silly versions     '0.8.2',
silly versions     '0.8.3',
silly versions     '0.8.4',
silly versions     '0.8.5',
silly versions     '0.9.0',
silly versions     '0.9.1',
silly versions     '0.9.2',
silly versions     '0.10.0' ] ]
verbose bin dist [ '0.8-ares1.7.5-DEV-evundefined-openssl1.0.0f-v83.11.10.19-linux-ia32-2.6.32-5-amd64',
verbose bin dist   { shasum: 'e02ba04a3eda787971074e6c5f43526e9a5201f4',
verbose bin dist     tarball: 'http://registry.npmjs.org/forever/-/forever-0.10.0.tgz' } ]
verbose caching /root/.npm/forever/0.10.0/package/package.json
verbose loadDefaults forever@0.10.0
silly resolved [ { name: 'forever',
silly resolved     preferGlobal: 'true',
silly resolved     description: 'A simple CLI tool for ensuring that a given node script runs continuously (i.e. forever)',
silly resolved     version: '0.10.0',
silly resolved     author: { name: 'Nodejitsu Inc.', email: 'info@nodejitsu.com' },
silly resolved     maintainers: 
silly resolved      [ { name: 'indexzero', email: 'charlie@nodejitsu.com' },
silly resolved        { name: 'mmalecki', email: 'maciej@nodejitsu.com' },
silly resolved        { name: 'avianflu', email: 'charlie@charlieistheman.com' } ],
silly resolved     repository: { type: 'git', url: 'git://github.com/nodejitsu/forever.git' },
silly resolved     keywords: [ 'cli', 'fault tolerant', 'sysadmin', 'tools' ],
silly resolved     dependencies: 
silly resolved      { cliff: '0.1.8',
silly resolved        flatiron: '0.2.3',
silly resolved        'forever-monitor': '1.0.1',
silly resolved        nconf: '0.6.1',
silly resolved        nssocket: '0.3.8',
silly resolved        optimist: '0.3.4',
silly resolved        pkginfo: '0.2.3',
silly resolved        timespan: '2.0.1',
silly resolved        watch: '0.5.1',
silly resolved        utile: '0.1.2',
silly resolved        winston: '0.6.2' },
silly resolved     devDependencies: 
silly resolved      { broadway: '0.2.x',
silly resolved        eventemitter2: '0.4.x',
silly resolved        request: '2.x.x',
silly resolved        vows: '0.6.x' },
silly resolved     bin: { forever: './bin/forever', foreverd: './bin/foreverd' },
silly resolved     main: './lib/forever',
silly resolved     scripts: { test: 'vows test/**/*-test.js --spec -i' },
silly resolved     engines: { node: '0.8.x' },
silly resolved     _id: 'forever@0.10.0',
silly resolved     optionalDependencies: {},
silly resolved     _engineSupported: true,
silly resolved     _npmVersion: '1.1.19',
silly resolved     _nodeVersion: 'v0.8.8',
silly resolved     _defaultsLoaded: true,
silly resolved     _from: 'forever' } ]
info into /usr/local/lib forever@0.10.0
info installOne forever@0.10.0
verbose from cache /root/.npm/forever/0.10.0/package/package.json
info unbuild /usr/local/lib/node_modules/forever
verbose unpack /root/.npm/forever/0.10.0/package.tgz
silly gunzTarPerm modes [ '755', '644' ]
silly extracting entry package.json
silly extracting entry .npmignore
silly extracting entry README.md
